<?xml version="1.0" encoding="UTF-8"?>
<!-- Generated by org.testng.reporters.JUnitReportReporter -->
<testsuite hostname="syeds-MacBook-Pro.local" failures="0" tests="1" name="mystorereporttestcases.LoginTest" time="0.007" errors="0" timestamp="2022-04-10T21:28:56 IST" skipped="0">
  <testcase classname="mystorereporttestcases.LoginTest" name="Log" time="0.007"/>
  <system-out/>
</testsuite> <!-- mystorereporttestcases.LoginTest -->
