<?xml version="1.0" encoding="UTF-8"?>
<!-- Generated by org.testng.reporters.JUnitReportReporter -->
<testsuite hostname="syeds-MacBook-Pro.local" failures="0" tests="1" name="mystorereporttestcases.LoginTest" time="0.011" errors="0" timestamp="2022-04-11T09:49:10 IST" skipped="0">
  <testcase classname="mystorereporttestcases.LoginTest" name="Log" time="0.011"/>
  <system-out/>
</testsuite> <!-- mystorereporttestcases.LoginTest -->
